[INFO] Scanning for projects...
[INFO] 
[INFO] -------------------------< com.example:bingo >--------------------------
[INFO] Building bingo 0.0.1-SNAPSHOT
[INFO]   from pom.xml
[INFO] --------------------------------[ jar ]---------------------------------
[INFO] 
[INFO] >>> spring-boot:3.2.3:run (default-cli) > test-compile @ bingo >>>
[INFO] 
[INFO] --- resources:3.3.1:resources (default-resources) @ bingo ---
[INFO] Copying 1 resource from src/main/resources to target/classes
[INFO] Copying 5 resources from src/main/resources to target/classes
[INFO] 
[INFO] --- compiler:3.11.0:compile (default-compile) @ bingo ---
[INFO] Nothing to compile - all classes are up to date
[INFO] 
[INFO] --- resources:3.3.1:testResources (default-testResources) @ bingo ---
[INFO] skip non existing resourceDirectory /home/shunn/src/java-bingo/bigoTool/src/test/resources
[INFO] 
[INFO] --- compiler:3.11.0:testCompile (default-testCompile) @ bingo ---
[INFO] No sources to compile
[INFO] 
[INFO] <<< spring-boot:3.2.3:run (default-cli) < test-compile @ bingo <<<
[INFO] 
[INFO] 
[INFO] --- spring-boot:3.2.3:run (default-cli) @ bingo ---
[INFO] Attaching agents: []

  .   ____          _            __ _ _
 /\\ / ___'_ __ _ _(_)_ __  __ _ \ \ \ \
( ( )\___ | '_ | '_| | '_ \/ _` | \ \ \ \
 \\/  ___)| |_)| | | | | || (_| |  ) ) ) )
  '  |____| .__|_| |_|_| |_\__, | / / / /
 =========|_|==============|___/=/_/_/_/
 :: Spring Boot ::                (v3.2.3)

2026-03-15T20:34:18.132+09:00  INFO 475343 --- [           main] com.example.bingo.BingoApplication       : Starting BingoApplication using Java 21.0.9 with PID 475343 (/home/shunn/src/java-bingo/bigoTool/target/classes started by shunn in /home/shunn/src/java-bingo/bigoTool)
2026-03-15T20:34:18.135+09:00  INFO 475343 --- [           main] com.example.bingo.BingoApplication       : No active profile set, falling back to 1 default profile: "default"
2026-03-15T20:34:18.807+09:00  INFO 475343 --- [           main] .s.d.r.c.RepositoryConfigurationDelegate : Bootstrapping Spring Data JPA repositories in DEFAULT mode.
2026-03-15T20:34:18.889+09:00  INFO 475343 --- [           main] .s.d.r.c.RepositoryConfigurationDelegate : Finished Spring Data repository scanning in 71 ms. Found 3 JPA repository interfaces.
2026-03-15T20:34:19.389+09:00  INFO 475343 --- [           main] o.s.b.w.embedded.tomcat.TomcatWebServer  : Tomcat initialized with port 8080 (http)
2026-03-15T20:34:19.404+09:00  INFO 475343 --- [           main] o.apache.catalina.core.StandardService   : Starting service [Tomcat]
2026-03-15T20:34:19.405+09:00  INFO 475343 --- [           main] o.apache.catalina.core.StandardEngine    : Starting Servlet engine: [Apache Tomcat/10.1.19]
2026-03-15T20:34:19.453+09:00  INFO 475343 --- [           main] o.a.c.c.C.[Tomcat].[localhost].[/]       : Initializing Spring embedded WebApplicationContext
2026-03-15T20:34:19.454+09:00  INFO 475343 --- [           main] w.s.c.ServletWebServerApplicationContext : Root WebApplicationContext: initialization completed in 1265 ms
2026-03-15T20:34:19.603+09:00  INFO 475343 --- [           main] o.hibernate.jpa.internal.util.LogHelper  : HHH000204: Processing PersistenceUnitInfo [name: default]
2026-03-15T20:34:19.641+09:00  INFO 475343 --- [           main] org.hibernate.Version                    : HHH000412: Hibernate ORM core version 6.4.4.Final
2026-03-15T20:34:19.664+09:00  INFO 475343 --- [           main] o.h.c.internal.RegionFactoryInitiator    : HHH000026: Second-level cache disabled
2026-03-15T20:34:19.824+09:00  INFO 475343 --- [           main] o.s.o.j.p.SpringPersistenceUnitInfo      : No LoadTimeWeaver setup: ignoring JPA class transformer
2026-03-15T20:34:19.844+09:00  INFO 475343 --- [           main] com.zaxxer.hikari.HikariDataSource       : HikariPool-1 - Starting...
2026-03-15T20:34:20.114+09:00  INFO 475343 --- [           main] com.zaxxer.hikari.pool.HikariPool        : HikariPool-1 - Added connection org.postgresql.jdbc.PgConnection@48c5698
2026-03-15T20:34:20.115+09:00  INFO 475343 --- [           main] com.zaxxer.hikari.HikariDataSource       : HikariPool-1 - Start completed.
2026-03-15T20:34:20.903+09:00  INFO 475343 --- [           main] o.h.e.t.j.p.i.JtaPlatformInitiator       : HHH000489: No JTA platform available (set 'hibernate.transaction.jta.platform' to enable JTA platform integration)
2026-03-15T20:34:20.995+09:00  INFO 475343 --- [           main] j.LocalContainerEntityManagerFactoryBean : Initialized JPA EntityManagerFactory for persistence unit 'default'
2026-03-15T20:34:21.539+09:00  WARN 475343 --- [           main] JpaBaseConfiguration$JpaWebConfiguration : spring.jpa.open-in-view is enabled by default. Therefore, database queries may be performed during view rendering. Explicitly configure spring.jpa.open-in-view to disable this warning
2026-03-15T20:34:21.606+09:00  INFO 475343 --- [           main] o.s.b.a.w.s.WelcomePageHandlerMapping    : Adding welcome page: class path resource [static/index.html]
2026-03-15T20:34:21.841+09:00  INFO 475343 --- [           main] o.s.b.w.embedded.tomcat.TomcatWebServer  : Tomcat started on port 8080 (http) with context path ''
2026-03-15T20:34:21.842+09:00  INFO 475343 --- [           main] o.s.m.s.b.SimpleBrokerMessageHandler     : Starting...
2026-03-15T20:34:21.844+09:00  INFO 475343 --- [           main] o.s.m.s.b.SimpleBrokerMessageHandler     : BrokerAvailabilityEvent[available=true, SimpleBrokerMessageHandler [org.springframework.messaging.simp.broker.DefaultSubscriptionRegistry@4769e70c]]
2026-03-15T20:34:21.844+09:00  INFO 475343 --- [           main] o.s.m.s.b.SimpleBrokerMessageHandler     : Started.
2026-03-15T20:34:21.850+09:00  INFO 475343 --- [           main] com.example.bingo.BingoApplication       : Started BingoApplication in 4.146 seconds (process running for 4.596)
2026-03-15T20:35:18.355+09:00  INFO 475343 --- [MessageBroker-1] o.s.w.s.c.WebSocketMessageBrokerStats    : WebSocketSession[0 current WS(0)-HttpStream(0)-HttpPoll(0), 0 total, 0 closed abnormally (0 connect failure, 0 send limit, 0 transport error)], stompSubProtocol[processed CONNECT(0)-CONNECTED(0)-DISCONNECT(0)], stompBrokerRelay[null], inboundChannel[pool size = 0, active threads = 0, queued tasks = 0, completed tasks = 0], outboundChannel[pool size = 0, active threads = 0, queued tasks = 0, completed tasks = 0], sockJsScheduler[pool size = 1, active threads = 1, queued tasks = 0, completed tasks = 0]
2026-03-15T20:37:56.958+09:00  INFO 475343 --- [nio-8080-exec-1] o.a.c.c.C.[Tomcat].[localhost].[/]       : Initializing Spring DispatcherServlet 'dispatcherServlet'
2026-03-15T20:37:56.958+09:00  INFO 475343 --- [nio-8080-exec-1] o.s.web.servlet.DispatcherServlet        : Initializing Servlet 'dispatcherServlet'
2026-03-15T20:37:56.966+09:00  INFO 475343 --- [nio-8080-exec-1] o.s.web.servlet.DispatcherServlet        : Completed initialization in 8 ms
Hibernate: select u1_0.id from users u1_0 where u1_0.id=?
Hibernate: select u1_0.id from users u1_0 where u1_0.id=?
Hibernate: insert into users (id) values (?)
Hibernate: select u1_0.id from users u1_0 where u1_0.id=?
Hibernate: insert into topics (amount,content,creator_id,description,difficulty,id) values (?,?,?,?,?,?)
Hibernate: select u1_0.id from users u1_0 where u1_0.id=?
Hibernate: insert into topics (amount,content,creator_id,description,difficulty,id) values (?,?,?,?,?,?)
Hibernate: select u1_0.id from users u1_0 where u1_0.id=?
Hibernate: insert into topics (amount,content,creator_id,description,difficulty,id) values (?,?,?,?,?,?)
Hibernate: select u1_0.id from users u1_0 where u1_0.id=?
Hibernate: insert into topics (amount,content,creator_id,description,difficulty,id) values (?,?,?,?,?,?)
Hibernate: select u1_0.id from users u1_0 where u1_0.id=?
Hibernate: insert into topics (amount,content,creator_id,description,difficulty,id) values (?,?,?,?,?,?)
Hibernate: select u1_0.id from users u1_0 where u1_0.id=?
Hibernate: insert into topics (amount,content,creator_id,description,difficulty,id) values (?,?,?,?,?,?)
Hibernate: select u1_0.id from users u1_0 where u1_0.id=?
Hibernate: insert into topics (amount,content,creator_id,description,difficulty,id) values (?,?,?,?,?,?)
Hibernate: select u1_0.id from users u1_0 where u1_0.id=?
Hibernate: insert into topics (amount,content,creator_id,description,difficulty,id) values (?,?,?,?,?,?)
Hibernate: select u1_0.id from users u1_0 where u1_0.id=?
Hibernate: insert into topics (amount,content,creator_id,description,difficulty,id) values (?,?,?,?,?,?)
Hibernate: select u1_0.id from users u1_0 where u1_0.id=?
Hibernate: insert into topics (amount,content,creator_id,description,difficulty,id) values (?,?,?,?,?,?)
Hibernate: select u1_0.id from users u1_0 where u1_0.id=?
Hibernate: insert into topics (amount,content,creator_id,description,difficulty,id) values (?,?,?,?,?,?)
Hibernate: select u1_0.id from users u1_0 where u1_0.id=?
Hibernate: insert into topics (amount,content,creator_id,description,difficulty,id) values (?,?,?,?,?,?)
Hibernate: select u1_0.id from users u1_0 where u1_0.id=?
Hibernate: insert into topics (amount,content,creator_id,description,difficulty,id) values (?,?,?,?,?,?)
Hibernate: select u1_0.id from users u1_0 where u1_0.id=?
Hibernate: insert into topics (amount,content,creator_id,description,difficulty,id) values (?,?,?,?,?,?)
Hibernate: select u1_0.id from users u1_0 where u1_0.id=?
Hibernate: insert into topics (amount,content,creator_id,description,difficulty,id) values (?,?,?,?,?,?)
Hibernate: select u1_0.id from users u1_0 where u1_0.id=?
Hibernate: insert into topics (amount,content,creator_id,description,difficulty,id) values (?,?,?,?,?,?)
Hibernate: select u1_0.id from users u1_0 where u1_0.id=?
Hibernate: insert into topics (amount,content,creator_id,description,difficulty,id) values (?,?,?,?,?,?)
Hibernate: select u1_0.id from users u1_0 where u1_0.id=?
Hibernate: insert into topics (amount,content,creator_id,description,difficulty,id) values (?,?,?,?,?,?)
Hibernate: select u1_0.id from users u1_0 where u1_0.id=?
Hibernate: insert into topics (amount,content,creator_id,description,difficulty,id) values (?,?,?,?,?,?)
Hibernate: select u1_0.id from users u1_0 where u1_0.id=?
Hibernate: insert into topics (amount,content,creator_id,description,difficulty,id) values (?,?,?,?,?,?)
Hibernate: select u1_0.id from users u1_0 where u1_0.id=?
Hibernate: insert into topics (amount,content,creator_id,description,difficulty,id) values (?,?,?,?,?,?)
Hibernate: select u1_0.id from users u1_0 where u1_0.id=?
Hibernate: insert into topics (amount,content,creator_id,description,difficulty,id) values (?,?,?,?,?,?)
Hibernate: select u1_0.id from users u1_0 where u1_0.id=?
Hibernate: insert into topics (amount,content,creator_id,description,difficulty,id) values (?,?,?,?,?,?)
Hibernate: select u1_0.id from users u1_0 where u1_0.id=?
Hibernate: insert into topics (amount,content,creator_id,description,difficulty,id) values (?,?,?,?,?,?)
Hibernate: select u1_0.id from users u1_0 where u1_0.id=?
Hibernate: select t1_0.id,t1_0.amount,t1_0.content,t1_0.creator_id,t1_0.description,t1_0.difficulty from topics t1_0
Hibernate: insert into bingo_cards (punch_status,topics,user_id,id) values (?,?,?,?)
Hibernate: insert into bingo_cards (punch_status,topics,user_id,id) values (?,?,?,?)
2026-03-15T21:03:39.332+09:00  INFO 475343 --- [MessageBroker-1] o.s.w.s.c.WebSocketMessageBrokerStats    : WebSocketSession[0 current WS(0)-HttpStream(0)-HttpPoll(0), 0 total, 0 closed abnormally (0 connect failure, 0 send limit, 0 transport error)], stompSubProtocol[processed CONNECT(0)-CONNECTED(0)-DISCONNECT(0)], stompBrokerRelay[null], inboundChannel[pool size = 0, active threads = 0, queued tasks = 0, completed tasks = 0], outboundChannel[pool size = 0, active threads = 0, queued tasks = 0, completed tasks = 0], sockJsScheduler[pool size = 2, active threads = 1, queued tasks = 0, completed tasks = 1]
